<?xml version="1.0" encoding="UTF-8"?>
<testng-results ignored="0" total="2" passed="2" failed="0" skipped="0">
  <reporter-output>
  </reporter-output>
  <suite started-at="2026-04-13T08:44:07 IST" name="Ticket Booking Suite" finished-at="2026-04-13T08:44:24 IST" duration-ms="16883">
    <groups>
    </groups>
    <test started-at="2026-04-13T08:44:07 IST" name="Ticket Booking Tests" finished-at="2026-04-13T08:44:24 IST" duration-ms="16883">
      <class name="com.ticket.tests.ConcurrencyTest">
        <test-method is-config="true" signature="setup()[pri:0, instance:com.ticket.tests.ConcurrencyTest@5dd6264]" started-at="2026-04-13T08:44:23 IST" name="setup" finished-at="2026-04-13T08:44:24 IST" duration-ms="1009" status="PASS">
          <reporter-output>
          </reporter-output>
        </test-method> <!-- setup -->
        <test-method signature="multipleUsersBookingTest()[pri:0, instance:com.ticket.tests.ConcurrencyTest@5dd6264]" started-at="2026-04-13T08:44:24 IST" name="multipleUsersBookingTest" finished-at="2026-04-13T08:44:24 IST" duration-ms="3" status="PASS">
          <reporter-output>
          </reporter-output>
        </test-method> <!-- multipleUsersBookingTest -->
        <test-method is-config="true" signature="tearDown()[pri:0, instance:com.ticket.tests.ConcurrencyTest@5dd6264]" started-at="2026-04-13T08:44:24 IST" name="tearDown" finished-at="2026-04-13T08:44:24 IST" duration-ms="159" status="PASS">
          <reporter-output>
          </reporter-output>
        </test-method> <!-- tearDown -->
      </class> <!-- com.ticket.tests.ConcurrencyTest -->
      <class name="com.ticket.tests.BookingTest">
        <test-method is-config="true" signature="setup()[pri:0, instance:com.ticket.tests.BookingTest@3b07a0d6]" started-at="2026-04-13T08:44:07 IST" name="setup" finished-at="2026-04-13T08:44:09 IST" duration-ms="1641" status="PASS">
          <reporter-output>
          </reporter-output>
        </test-method> <!-- setup -->
        <test-method signature="ticketBookingTest()[pri:0, instance:com.ticket.tests.BookingTest@3b07a0d6]" started-at="2026-04-13T08:44:09 IST" name="ticketBookingTest" finished-at="2026-04-13T08:44:23 IST" duration-ms="13860" status="PASS">
          <reporter-output>
          </reporter-output>
        </test-method> <!-- ticketBookingTest -->
        <test-method is-config="true" signature="tearDown()[pri:0, instance:com.ticket.tests.BookingTest@3b07a0d6]" started-at="2026-04-13T08:44:23 IST" name="tearDown" finished-at="2026-04-13T08:44:23 IST" duration-ms="175" status="PASS">
          <reporter-output>
          </reporter-output>
        </test-method> <!-- tearDown -->
      </class> <!-- com.ticket.tests.BookingTest -->
    </test> <!-- Ticket Booking Tests -->
  </suite> <!-- Ticket Booking Suite -->
</testng-results>
